Proxy = ""
Port = ":8080"
DbPath = ""
KvDbPath = ""
DeduPath = ""
Templates = "./templates/*"
Static = "static"
WeixinUrl = ""
Coll = true
WXAppid = "wx92ebd09c7b0d944f"
WXSec = "b3005d3c298e27b60ee1f90d188a9d86"
CollPageName = "page"
CollWordName = "word"
CollPath = "/data"
ToutiaoUri = ["https://www.toutiao.com", "https://www.toutiao.com/ch/news_hot/", "https://www.toutiao.com/ch/news_finance/", "https://www.toutiao.com/ch/news_tech/", "https://www.toutiao.com/ch/news_entertainment/", "https://www.toutiao.com/ch/news_game/", "https://www.toutiao.com/ch/news_car/", "https://www.toutiao.com/ch/funny/", "https://www.toutiao.com/ch/news_baby/", "https://www.toutiao.com/ch/news_regimen/", "https://www.toutiao.com/ch/news_sports/", "https://www.toutiao.com/ch/news_essay/", "https://www.toutiao.com/ch/news_military/", "https://www.toutiao.com/ch/news_fashion/", "https://www.toutiao.com/ch/news_discovery/", "https://www.toutiao.com/ch/news_regimen/", "https://www.toutiao.com/ch/news_history/", "https://www.toutiao.com/ch/news_world/", "https://www.toutiao.com/ch/news_travel/", "https://www.toutiao.com/ch/news_food/"]
OutKey = "头条客户端|头条号|转载|(点击[\\s\\S]+?关注)|(购买[\\s\\S]+?优惠)"
MaxPage = 60000

[Header]
  Accept = ["text/html,application/xhtml+xml,application/xml;q=0.9,*/*;q=0.8"]
  Accept-Encoding = ["gzip, deflate, sdch"]
  Accept-Language = ["zh-CN,zh;q=0.8"]
  Cache-Control = ["no-cache"]
  Connection = ["keep-alive"]
  Pragma = ["no-cache"]
  TE = ["Trailers"]
  Upgrade-Insecure-Requests = ["1"]
  User-Agent = ["Mozilla/5.0 (X11; Ubuntu; Linux x86_64; rv:66.0) Gecko/20100101 Firefox/66.0"]
