Proxy = ""
Port = ":8080"
DbPath = "foo.db"
KvDbPath = "MyKV.db"
DeduPath = "dedu.db"
Templates = "./templates/*"
Static = "static"
WeixinUrl = "https://weixin.sogou.com/weixin?type=1&s_from=input&query=longquanjy&ie=utf8"
Coll = true
WXAppid = "wx92ebd09c7b0d944f"
WXSec = "b3005d3c298e27b60ee1f90d188a9d86"
CollPageName = "pageColl"
ToutiaoUri = ["https://www.toutiao.com", "https://www.toutiao.com/ch/news_hot/", "https://www.toutiao.com/ch/news_finance/", "https://www.toutiao.com/ch/news_baby/", "https://www.toutiao.com/ch/news_regimen/", "https://www.toutiao.com/ch/news_sports/", "https://www.toutiao.com/ch/news_essay/"]
OutKey = "头条客户端|头条号|公众号|打赏|转载|订购|(点击[\\s\\S]+?关注)|(购买[\\s\\S]+?优惠)"

[Header]
  Accept = ["text/html,application/xhtml+xml,application/xml;q=0.9,*/*;q=0.8"]
  Accept-Encoding = ["gzip, deflate, sdch"]
  Accept-Language = ["zh-CN,zh;q=0.8"]
  Cache-Control = ["no-cache"]
  Connection = ["keep-alive"]
  Pragma = ["no-cache"]
  TE = ["Trailers"]
  Upgrade-Insecure-Requests = ["1"]
  User-Agent = ["Mozilla/5.0 (X11; Ubuntu; Linux x86_64; rv:66.0) Gecko/20100101 Firefox/66.0"]
